# JRE version: Java(TM) SE Runtime Environment (8.0_05-b13) (build 1.8.0_05-b13)
# Java VM: Java HotSpot(TM) 64-Bit Server VM (25.5-b02 mixed mode windows-amd64 compressed oops)
Heap:
 PSYoungGen      total 7680K, used 3921K [0x000000076b200000, 0x000000076bd00000, 0x00000007c0000000)
  eden space 5632K, 48% used [0x000000076b200000,0x000000076b4a4710,0x000000076b780000)
  from space 2048K, 59% used [0x000000076b780000,0x000000076b8b0000,0x000000076b980000)
  to   space 2048K, 0% used [0x000000076bb00000,0x000000076bb00000,0x000000076bd00000)
 ParOldGen       total 260608K, used 6578K [0x00000006c1600000, 0x00000006d1480000, 0x000000076b200000)
  object space 260608K, 2% used [0x00000006c1600000,0x00000006c1c6c880,0x00000006d1480000)
 Metaspace       used 20013K, capacity 20400K, committed 20736K, reserved 1067008K
  class space    used 2633K, capacity 2725K, committed 2816K, reserved 1048576K
GC Heap History (10 events):
Event: 29.274 GC heap before
{Heap before GC invocations=57 (full 0):
 PSYoungGen      total 5632K, used 5628K [0x000000076b200000, 0x000000076b900000, 0x00000007c0000000)
  eden space 5120K, 100% used [0x000000076b200000,0x000000076b700000,0x000000076b700000)
  from space 512K, 99% used [0x000000076b800000,0x000000076b87f098,0x000000076b880000)
  to   space 1024K, 0% used [0x000000076b700000,0x000000076b700000,0x000000076b800000)
 ParOldGen       total 260608K, used 4556K [0x00000006c1600000, 0x00000006d1480000, 0x000000076b200000)
  object space 260608K, 1% used [0x00000006c1600000,0x00000006c1a732c8,0x00000006d1480000)
 Metaspace       used 16159K, capacity 16352K, committed 16512K, reserved 1062912K
  class space    used 2092K, capacity 2135K, committed 2176K, reserved 1048576K
Event: 29.275 GC heap after
Heap after GC invocations=57 (full 0):
 PSYoungGen      total 6144K, used 1023K [0x000000076b200000, 0x000000076ba00000, 0x00000007c0000000)
  eden space 5120K, 0% used [0x000000076b200000,0x000000076b200000,0x000000076b700000)
  from space 1024K, 99% used [0x000000076b700000,0x000000076b7ffcc8,0x000000076b800000)
  to   space 1536K, 0% used [0x000000076b880000,0x000000076b880000,0x000000076ba00000)
 ParOldGen       total 260608K, used 5207K [0x00000006c1600000, 0x00000006d1480000, 0x000000076b200000)
  object space 260608K, 1% used [0x00000006c1600000,0x00000006c1b15f80,0x00000006d1480000)
 Metaspace       used 16159K, capacity 16352K, committed 16512K, reserved 1062912K
  class space    used 2092K, capacity 2135K, committed 2176K, reserved 1048576K
}
Event: 29.358 GC heap before
{Heap before GC invocations=58 (full 0):
 PSYoungGen      total 6144K, used 6143K [0x000000076b200000, 0x000000076ba00000, 0x00000007c0000000)
  eden space 5120K, 100% used [0x000000076b200000,0x000000076b700000,0x000000076b700000)
  from space 1024K, 99% used [0x000000076b700000,0x000000076b7ffcc8,0x000000076b800000)
  to   space 1536K, 0% used [0x000000076b880000,0x000000076b880000,0x000000076ba00000)
 ParOldGen       total 260608K, used 5207K [0x00000006c1600000, 0x00000006d1480000, 0x000000076b200000)
  object space 260608K, 1% used [0x00000006c1600000,0x00000006c1b15f80,0x00000006d1480000)
 Metaspace       used 17393K, capacity 17752K, committed 18048K, reserved 1064960K
  class space    used 2257K, capacity 2331K, committed 2432K, reserved 1048576K
Event: 29.360 GC heap after
Heap after GC invocations=58 (full 0):
 PSYoungGen      total 6144K, used 1415K [0x000000076b200000, 0x000000076bc00000, 0x00000007c0000000)
  eden space 4608K, 0% used [0x000000076b200000,0x000000076b200000,0x000000076b680000)
  from space 1536K, 92% used [0x000000076b880000,0x000000076b9e1df8,0x000000076ba00000)
  to   space 2048K, 0% used [0x000000076b680000,0x000000076b680000,0x000000076b880000)
 ParOldGen       total 260608K, used 5391K [0x00000006c1600000, 0x00000006d1480000, 0x000000076b200000)
  object space 260608K, 2% used [0x00000006c1600000,0x00000006c1b43f90,0x00000006d1480000)
 Metaspace       used 17393K, capacity 17752K, committed 18048K, reserved 1064960K
  class space    used 2257K, capacity 2331K, committed 2432K, reserved 1048576K
}
Event: 29.409 GC heap before
{Heap before GC invocations=59 (full 0):
 PSYoungGen      total 6144K, used 6023K [0x000000076b200000, 0x000000076bc00000, 0x00000007c0000000)
  eden space 4608K, 100% used [0x000000076b200000,0x000000076b680000,0x000000076b680000)
  from space 1536K, 92% used [0x000000076b880000,0x000000076b9e1df8,0x000000076ba00000)
  to   space 2048K, 0% used [0x000000076b680000,0x000000076b680000,0x000000076b880000)
 ParOldGen       total 260608K, used 5391K [0x00000006c1600000, 0x00000006d1480000, 0x000000076b200000)
  object space 260608K, 2% used [0x00000006c1600000,0x00000006c1b43f90,0x00000006d1480000)
 Metaspace       used 17842K, capacity 18136K, committed 18304K, reserved 1064960K
  class space    used 2319K, capacity 2395K, committed 2432K, reserved 1048576K
Event: 29.410 GC heap after
Heap after GC invocations=59 (full 0):
 PSYoungGen      total 6656K, used 914K [0x000000076b200000, 0x000000076bb80000, 0x00000007c0000000)
  eden space 4608K, 0% used [0x000000076b200000,0x000000076b200000,0x000000076b680000)
  from space 2048K, 44% used [0x000000076b680000,0x000000076b7649d0,0x000000076b880000)
  to   space 2048K, 0% used [0x000000076b980000,0x000000076b980000,0x000000076bb80000)
 ParOldGen       total 260608K, used 6007K [0x00000006c1600000, 0x00000006d1480000, 0x000000076b200000)
  object space 260608K, 2% used [0x00000006c1600000,0x00000006c1bddfd0,0x00000006d1480000)
 Metaspace       used 17842K, capacity 18136K, committed 18304K, reserved 1064960K
  class space    used 2319K, capacity 2395K, committed 2432K, reserved 1048576K
}
Event: 29.468 GC heap before
{Heap before GC invocations=60 (full 0):
 PSYoungGen      total 6656K, used 5522K [0x000000076b200000, 0x000000076bb80000, 0x00000007c0000000)
  eden space 4608K, 100% used [0x000000076b200000,0x000000076b680000,0x000000076b680000)
  from space 2048K, 44% used [0x000000076b680000,0x000000076b7649d0,0x000000076b880000)
  to   space 2048K, 0% used [0x000000076b980000,0x000000076b980000,0x000000076bb80000)
 ParOldGen       total 260608K, used 6007K [0x00000006c1600000, 0x00000006d1480000, 0x000000076b200000)
  object space 260608K, 2% used [0x00000006c1600000,0x00000006c1bddfd0,0x00000006d1480000)
 Metaspace       used 18609K, capacity 18936K, committed 19200K, reserved 1067008K
  class space    used 2429K, capacity 2491K, committed 2560K, reserved 1048576K
Event: 29.469 GC heap after
Heap after GC invocations=60 (full 0):
 PSYoungGen      total 7680K, used 951K [0x000000076b200000, 0x000000076bb80000, 0x00000007c0000000)
  eden space 5632K, 0% used [0x000000076b200000,0x000000076b200000,0x000000076b780000)
  from space 2048K, 46% used [0x000000076b980000,0x000000076ba6dee8,0x000000076bb80000)
  to   space 2048K, 0% used [0x000000076b780000,0x000000076b780000,0x000000076b980000)
 ParOldGen       total 260608K, used 6378K [0x00000006c1600000, 0x00000006d1480000, 0x000000076b200000)
  object space 260608K, 2% used [0x00000006c1600000,0x00000006c1c3a880,0x00000006d1480000)
 Metaspace       used 18609K, capacity 18936K, committed 19200K, reserved 1067008K
  class space    used 2429K, capacity 2491K, committed 2560K, reserved 1048576K
}
Event: 29.551 GC heap before
{Heap before GC invocations=61 (full 0):
 PSYoungGen      total 7680K, used 6583K [0x000000076b200000, 0x000000076bb80000, 0x00000007c0000000)
  eden space 5632K, 100% used [0x000000076b200000,0x000000076b780000,0x000000076b780000)
  from space 2048K, 46% used [0x000000076b980000,0x000000076ba6dee8,0x000000076bb80000)
  to   space 2048K, 0% used [0x000000076b780000,0x000000076b780000,0x000000076b980000)
 ParOldGen       total 260608K, used 6378K [0x00000006c1600000, 0x00000006d1480000, 0x000000076b200000)
  object space 260608K, 2% used [0x00000006c1600000,0x00000006c1c3a880,0x00000006d1480000)
 Metaspace       used 19505K, capacity 19896K, committed 20096K, reserved 1067008K
  class space    used 2590K, capacity 2683K, committed 2688K, reserved 1048576K
Event: 29.552 GC heap after
Heap after GC invocations=61 (full 0):
 PSYoungGen      total 7680K, used 1216K [0x000000076b200000, 0x000000076bd00000, 0x00000007c0000000)
  eden space 5632K, 0% used [0x000000076b200000,0x000000076b200000,0x000000076b780000)
  from space 2048K, 59% used [0x000000076b780000,0x000000076b8b0000,0x000000076b980000)
  to   space 2048K, 0% used [0x000000076bb00000,0x000000076bb00000,0x000000076bd00000)
 ParOldGen       total 260608K, used 6578K [0x00000006c1600000, 0x00000006d1480000, 0x000000076b200000)
  object space 260608K, 2% used [0x00000006c1600000,0x00000006c1c6c880,0x00000006d1480000)
 Metaspace       used 19505K, capacity 19896K, committed 20096K, reserved 1067008K
  class space    used 2590K, capacity 2683K, committed 2688K, reserved 1048576K
}

